<?xml version="1.0" encoding="UTF-8"?>
<!-- Generated by org.testng.reporters.JUnitReportReporter -->
<testsuite hostname="LAPTOP-7M0R9U8E" failures="0" tests="2" name="test.ExtentReportsTestNGDemo" time="11.288" errors="0" timestamp="2021-03-21T16:47:42 GMT" skipped="0">
  <testcase classname="test.ExtentReportsTestNGDemo" name="seleniumDevSearch1" time="4.120"/>
  <system-out/>
  <testcase classname="test.ExtentReportsTestNGDemo" name="seleniumDevSearch" time="7.168"/>
  <system-out/>
</testsuite> <!-- test.ExtentReportsTestNGDemo -->
