<?xml version="1.0" encoding="UTF-8"?>
<!-- Generated by org.testng.reporters.JUnitReportReporter -->
<testsuite hostname="LAPTOP-7M0R9U8E" failures="0" tests="3" name="demo.TestNGDependenciesDemo" time="0.036" errors="0" timestamp="2021-03-26T12:37:49 GMT" skipped="0">
  <testcase classname="demo.TestNGDependenciesDemo" name="test3" time="0.004"/>
  <system-out/>
  <testcase classname="demo.TestNGDependenciesDemo" name="test1" time="0.003"/>
  <system-out/>
  <testcase classname="demo.TestNGDependenciesDemo" name="test2" time="0.029"/>
  <system-out/>
</testsuite> <!-- demo.TestNGDependenciesDemo -->
