<?xml version="1.0" encoding="UTF-8"?>
<!-- Generated by org.testng.reporters.JUnitReportReporter -->
<testsuite hostname="LAPTOP-7M0R9U8E" failures="0" tests="1" name="test.TestNGDemo2" time="21.890" errors="0" timestamp="2021-03-21T18:05:20 GMT" skipped="0">
  <testcase classname="test.TestNGDemo2" name="seleniumDevSearchTest1" time="21.890"/>
  <system-out/>
</testsuite> <!-- test.TestNGDemo2 -->
