<?xml version="1.0" encoding="UTF-8"?>
<!-- Generated by org.testng.reporters.JUnitReportReporter -->
<testsuite hostname="LAPTOP-7M0R9U8E" failures="0" tests="3" name="demo.TestNGMultiBrowserDemo" time="58.057" errors="0" timestamp="2021-03-25T13:52:26 GMT" skipped="0">
  <testcase classname="demo.TestNGMultiBrowserDemo" name="test1" time="23.194"/>
  <system-out/>
  <testcase classname="demo.TestNGMultiBrowserDemo" name="test1" time="8.324"/>
  <system-out/>
  <testcase classname="demo.TestNGMultiBrowserDemo" name="test1" time="26.539"/>
  <system-out/>
</testsuite> <!-- demo.TestNGMultiBrowserDemo -->
