<?xml version="1.0" encoding="UTF-8"?>
<!-- Generated by org.testng.reporters.JUnitReportReporter -->
<testsuite hostname="LAPTOP-7M0R9U8E" failures="0" tests="3" name="demo.TestNGPriorityDemo" time="0.025" errors="0" timestamp="2021-03-25T11:54:26 GMT" skipped="0">
  <testcase classname="demo.TestNGPriorityDemo" name="test2" time="0.019"/>
  <system-out/>
  <testcase classname="demo.TestNGPriorityDemo" name="test3" time="0.003"/>
  <system-out/>
  <testcase classname="demo.TestNGPriorityDemo" name="test1" time="0.003"/>
  <system-out/>
</testsuite> <!-- demo.TestNGPriorityDemo -->
