<?xml version="1.0" encoding="UTF-8"?>
<!-- Generated by org.testng.reporters.JUnitReportReporter -->
<testsuite hostname="LAPTOP-7M0R9U8E" failures="0" tests="2" name="demo.TestNGIgnoreDemo" time="0.022" errors="0" timestamp="2021-03-26T12:42:50 GMT" skipped="0">
  <testcase classname="demo.TestNGIgnoreDemo" name="test2" time="0.018"/>
  <system-out/>
  <testcase classname="demo.TestNGIgnoreDemo" name="test3" time="0.004"/>
  <system-out/>
</testsuite> <!-- demo.TestNGIgnoreDemo -->
