<?xml version="1.0" encoding="UTF-8"?>
<!-- Generated by org.testng.reporters.JUnitReportReporter -->
<testsuite hostname="LAPTOP-7M0R9U8E" failures="0" tests="4" name="demo.TestNGGroupsDemo" time="0.037" errors="0" timestamp="2021-03-26T12:32:45 GMT" skipped="0">
  <testcase classname="demo.TestNGGroupsDemo" name="test3" time="0.002"/>
  <system-out/>
  <testcase classname="demo.TestNGGroupsDemo" name="test4" time="0.002"/>
  <system-out/>
  <testcase classname="demo.TestNGGroupsDemo" name="test2" time="0.006"/>
  <system-out/>
  <testcase classname="demo.TestNGGroupsDemo" name="test1" time="0.027"/>
  <system-out/>
</testsuite> <!-- demo.TestNGGroupsDemo -->
