<?xml version="1.0" encoding="UTF-8"?>
<!-- Generated by org.testng.reporters.JUnitReportReporter -->
<testsuite hostname="LAPTOP-7M0R9U8E" failures="0" tests="1" name="test.TestNGDemo" time="8.888" errors="0" timestamp="2021-03-23T16:07:30 GMT" skipped="0">
  <testcase classname="test.TestNGDemo" name="seleniumDevSearchTest" time="8.888"/>
  <system-out/>
</testsuite> <!-- test.TestNGDemo -->
