<?xml version="1.0" encoding="UTF-8"?>
<!-- Generated by org.testng.reporters.JUnitReportReporter -->
<testsuite hostname="LAPTOP-7M0R9U8E" failures="0" tests="1" name="demo.HeadlessChromeDemo" time="8.824" errors="0" timestamp="2021-03-29T12:49:21 BST" skipped="0">
  <testcase classname="demo.HeadlessChromeDemo" name="test" time="8.824"/>
  <system-out/>
</testsuite> <!-- demo.HeadlessChromeDemo -->
