<?xml version="1.0" encoding="UTF-8"?>
<!-- Generated by org.testng.reporters.JUnitReportReporter -->
<testsuite hostname="LAPTOP-7M0R9U8E" failures="0" tests="1" name="demo.TestNGParametersDemo" time="0.017" errors="0" timestamp="2021-03-26T11:38:16 GMT" skipped="0">
  <testcase classname="demo.TestNGParametersDemo" name="test" time="0.017"/>
  <system-out/>
</testsuite> <!-- demo.TestNGParametersDemo -->
