<?xml version="1.0" encoding="UTF-8"?>
<!-- Generated by org.testng.reporters.JUnitReportReporter -->
<testsuite hostname="LAPTOP-7M0R9U8E" failures="0" tests="3" name="utils.ExcelDataProvider" time="11.316" errors="0" timestamp="2021-03-24T17:18:46 GMT" skipped="0">
  <testcase classname="utils.ExcelDataProvider" name="test1" time="6.053"/>
  <system-out/>
  <testcase classname="utils.ExcelDataProvider" name="test1" time="2.648"/>
  <system-out/>
  <testcase classname="utils.ExcelDataProvider" name="test1" time="2.615"/>
  <system-out/>
</testsuite> <!-- utils.ExcelDataProvider -->
