<?xml version="1.0" encoding="UTF-8"?>
<!-- Generated by org.testng.reporters.JUnitReportReporter -->
<testsuite hostname="LAPTOP-7M0R9U8E" failures="0" tests="3" name="listeners.TestNGListernersDemo2" time="0.009" errors="0" timestamp="2021-03-24T21:27:12 GMT" skipped="1">
  <testcase classname="listeners.TestNGListernersDemo2" name="test6" time="0.003">
    <skipped/>
  </testcase> <!-- test6 -->
  <system-out/>
  <testcase classname="listeners.TestNGListernersDemo2" name="test4" time="0.002"/>
  <system-out/>
  <testcase classname="listeners.TestNGListernersDemo2" name="test5" time="0.004"/>
  <system-out/>
</testsuite> <!-- listeners.TestNGListernersDemo2 -->
